[10-Dec-2024 15:47:44 Europe/Berlin] User is logged in.
[10-Dec-2024 15:47:44 Europe/Berlin] All required fields are present.
[10-Dec-2024 15:47:44 Europe/Berlin] Image uploaded successfully.
[10-Dec-2024 15:47:44 Europe/Berlin] Error adding the admin to the new communityCannot add or update a child row: a foreign key constraint fails (`campusconnect`.`community_members`, CONSTRAINT `community_members_ibfk_1` FOREIGN KEY (`community_id`) REFERENCES `communities` (`community_id`) ON DELETE CASCADE)
[10-Dec-2024 15:47:44 Europe/Berlin] Error: Failed to create community
[10-Dec-2024 16:09:34 Europe/Berlin] User is logged in.
[10-Dec-2024 16:09:34 Europe/Berlin] All required fields are present.
[10-Dec-2024 16:09:34 Europe/Berlin] Image uploaded successfully.
[10-Dec-2024 16:09:34 Europe/Berlin] Community created with ID: 23
[10-Dec-2024 16:12:47 Europe/Berlin] User is logged in.
[10-Dec-2024 16:12:47 Europe/Berlin] All required fields are present.
[10-Dec-2024 16:12:47 Europe/Berlin] Image uploaded successfully.
[10-Dec-2024 16:12:47 Europe/Berlin] Community created with ID: 24
[10-Dec-2024 16:13:16 Europe/Berlin] User is logged in.
[10-Dec-2024 16:13:16 Europe/Berlin] All required fields are present.
[10-Dec-2024 16:13:16 Europe/Berlin] Image uploaded successfully.
[10-Dec-2024 16:13:16 Europe/Berlin] Community created with ID: 25
[10-Dec-2024 16:32:16 Europe/Berlin] User is logged in.
[10-Dec-2024 16:32:16 Europe/Berlin] All required fields are present.
[10-Dec-2024 16:32:16 Europe/Berlin] Image uploaded successfully.
[10-Dec-2024 16:32:16 Europe/Berlin] Community created with ID: 26
